CRITICAL - 2023-07-12 08:19:09 --> Class "App\Models\BarangModel" not found
in APPPATH\Controllers\BarangController.php on line 12.
 1 SYSTEMPATH\CodeIgniter.php(932): App\Controllers\BarangController->index()
 2 SYSTEMPATH\CodeIgniter.php(497): CodeIgniter\CodeIgniter->runController(Object(App\Controllers\BarangController))
 3 SYSTEMPATH\CodeIgniter.php(366): CodeIgniter\CodeIgniter->handleRequest(null, Object(Config\Cache), false)
 4 FCPATH\index.php(67): CodeIgniter\CodeIgniter->run()
 5 SYSTEMPATH\Commands\Server\rewrite.php(47): require_once('C:\\Users\\ASUS\\Documents\\KULIAH\\SEMESTER 4\\pwl adit\\fp pwl\\public\\index.php')
ERROR - 2023-07-12 14:48:30 --> Error connecting to the database: mysqli_sql_exception: No connection could be made because the target machine actively refused it in C:\Users\ASUS\Documents\KULIAH\SEMESTER 4\pwl adit\fp pwl\system\Database\MySQLi\Connection.php:173
Stack trace:
#0 C:\Users\ASUS\Documents\KULIAH\SEMESTER 4\pwl adit\fp pwl\system\Database\MySQLi\Connection.php(173): mysqli->real_connect('localhost', 'root', Object(SensitiveParameterValue), 'pwl_fp', 3306, '', 0)
#1 C:\Users\ASUS\Documents\KULIAH\SEMESTER 4\pwl adit\fp pwl\system\Database\BaseConnection.php(391): CodeIgniter\Database\MySQLi\Connection->connect(false)
#2 C:\Users\ASUS\Documents\KULIAH\SEMESTER 4\pwl adit\fp pwl\system\Database\BaseConnection.php(574): CodeIgniter\Database\BaseConnection->initialize()
#3 C:\Users\ASUS\Documents\KULIAH\SEMESTER 4\pwl adit\fp pwl\system\Database\BaseBuilder.php(1616): CodeIgniter\Database\BaseConnection->query('SELECT *\nFROM `...', Array, false)
#4 C:\Users\ASUS\Documents\KULIAH\SEMESTER 4\pwl adit\fp pwl\system\Model.php(241): CodeIgniter\Database\BaseBuilder->get()
#5 C:\Users\ASUS\Documents\KULIAH\SEMESTER 4\pwl adit\fp pwl\system\BaseModel.php(618): CodeIgniter\Model->doFindAll(0, 0)
#6 C:\Users\ASUS\Documents\KULIAH\SEMESTER 4\pwl adit\fp pwl\app\Models\BarangModel.php(15): CodeIgniter\BaseModel->findAll()
#7 C:\Users\ASUS\Documents\KULIAH\SEMESTER 4\pwl adit\fp pwl\app\Controllers\BarangController.php(13): App\Models\BarangModel->getBarang()
#8 C:\Users\ASUS\Documents\KULIAH\SEMESTER 4\pwl adit\fp pwl\system\CodeIgniter.php(932): App\Controllers\BarangController->index()
#9 C:\Users\ASUS\Documents\KULIAH\SEMESTER 4\pwl adit\fp pwl\system\CodeIgniter.php(497): CodeIgniter\CodeIgniter->runController(Object(App\Controllers\BarangController))
#10 C:\Users\ASUS\Documents\KULIAH\SEMESTER 4\pwl adit\fp pwl\system\CodeIgniter.php(366): CodeIgniter\CodeIgniter->handleRequest(NULL, Object(Config\Cache), false)
#11 C:\Users\ASUS\Documents\KULIAH\SEMESTER 4\pwl adit\fp pwl\public\index.php(67): CodeIgniter\CodeIgniter->run()
#12 C:\Users\ASUS\Documents\KULIAH\SEMESTER 4\pwl adit\fp pwl\system\Commands\Server\rewrite.php(47): require_once('C:\\Users\\ASUS\\D...')
#13 {main}

Next CodeIgniter\Database\Exceptions\DatabaseException: No connection could be made because the target machine actively refused it in C:\Users\ASUS\Documents\KULIAH\SEMESTER 4\pwl adit\fp pwl\system\Database\MySQLi\Connection.php:218
Stack trace:
#0 C:\Users\ASUS\Documents\KULIAH\SEMESTER 4\pwl adit\fp pwl\system\Database\BaseConnection.php(391): CodeIgniter\Database\MySQLi\Connection->connect(false)
#1 C:\Users\ASUS\Documents\KULIAH\SEMESTER 4\pwl adit\fp pwl\system\Database\BaseConnection.php(574): CodeIgniter\Database\BaseConnection->initialize()
#2 C:\Users\ASUS\Documents\KULIAH\SEMESTER 4\pwl adit\fp pwl\system\Database\BaseBuilder.php(1616): CodeIgniter\Database\BaseConnection->query('SELECT *\nFROM `...', Array, false)
#3 C:\Users\ASUS\Documents\KULIAH\SEMESTER 4\pwl adit\fp pwl\system\Model.php(241): CodeIgniter\Database\BaseBuilder->get()
#4 C:\Users\ASUS\Documents\KULIAH\SEMESTER 4\pwl adit\fp pwl\system\BaseModel.php(618): CodeIgniter\Model->doFindAll(0, 0)
#5 C:\Users\ASUS\Documents\KULIAH\SEMESTER 4\pwl adit\fp pwl\app\Models\BarangModel.php(15): CodeIgniter\BaseModel->findAll()
#6 C:\Users\ASUS\Documents\KULIAH\SEMESTER 4\pwl adit\fp pwl\app\Controllers\BarangController.php(13): App\Models\BarangModel->getBarang()
#7 C:\Users\ASUS\Documents\KULIAH\SEMESTER 4\pwl adit\fp pwl\system\CodeIgniter.php(932): App\Controllers\BarangController->index()
#8 C:\Users\ASUS\Documents\KULIAH\SEMESTER 4\pwl adit\fp pwl\system\CodeIgniter.php(497): CodeIgniter\CodeIgniter->runController(Object(App\Controllers\BarangController))
#9 C:\Users\ASUS\Documents\KULIAH\SEMESTER 4\pwl adit\fp pwl\system\CodeIgniter.php(366): CodeIgniter\CodeIgniter->handleRequest(NULL, Object(Config\Cache), false)
#10 C:\Users\ASUS\Documents\KULIAH\SEMESTER 4\pwl adit\fp pwl\public\index.php(67): CodeIgniter\CodeIgniter->run()
#11 C:\Users\ASUS\Documents\KULIAH\SEMESTER 4\pwl adit\fp pwl\system\Commands\Server\rewrite.php(47): require_once('C:\\Users\\ASUS\\D...')
#12 {main}
CRITICAL - 2023-07-12 14:48:30 --> Unable to connect to the database.
Main connection [MySQLi]: No connection could be made because the target machine actively refused it
in SYSTEMPATH\Database\BaseConnection.php on line 427.
 1 SYSTEMPATH\Database\BaseConnection.php(574): CodeIgniter\Database\BaseConnection->initialize()
 2 SYSTEMPATH\Database\BaseBuilder.php(1616): CodeIgniter\Database\BaseConnection->query('SELECT *
FROM `barang`', [], false)
 3 SYSTEMPATH\Model.php(241): CodeIgniter\Database\BaseBuilder->get()
 4 SYSTEMPATH\BaseModel.php(618): CodeIgniter\Model->doFindAll(0, 0)
 5 APPPATH\Models\BarangModel.php(15): CodeIgniter\BaseModel->findAll()
 6 APPPATH\Controllers\BarangController.php(13): App\Models\BarangModel->getBarang()
 7 SYSTEMPATH\CodeIgniter.php(932): App\Controllers\BarangController->index()
 8 SYSTEMPATH\CodeIgniter.php(497): CodeIgniter\CodeIgniter->runController(Object(App\Controllers\BarangController))
 9 SYSTEMPATH\CodeIgniter.php(366): CodeIgniter\CodeIgniter->handleRequest(null, Object(Config\Cache), false)
10 FCPATH\index.php(67): CodeIgniter\CodeIgniter->run()
11 SYSTEMPATH\Commands\Server\rewrite.php(47): require_once('C:\\Users\\ASUS\\Documents\\KULIAH\\SEMESTER 4\\pwl adit\\fp pwl\\public\\index.php')
CRITICAL - 2023-07-12 14:48:54 --> Undefined variable $selectedStatus
in APPPATH\Views\admin\barang\barang.php on line 15.
 1 APPPATH\Views\admin\barang\barang.php(15): CodeIgniter\Debug\Exceptions->errorHandler(2, 'Undefined variable $selectedStatus', 'C:\\Users\\ASUS\\Documents\\KULIAH\\SEMESTER 4\\pwl adit\\fp pwl\\app\\Views\\admin\\barang\\barang.php', 15)
 2 SYSTEMPATH\View\View.php(224): include('C:\\Users\\ASUS\\Documents\\KULIAH\\SEMESTER 4\\pwl adit\\fp pwl\\app\\Views\\admin\\barang\\barang.php')
 3 SYSTEMPATH\View\View.php(227): CodeIgniter\View\View->CodeIgniter\View\{closure}()
 4 SYSTEMPATH\Common.php(1180): CodeIgniter\View\View->render('admin/barang/barang', [], true)
 5 APPPATH\Controllers\BarangController.php(15): view('admin/barang/barang', [...])
 6 SYSTEMPATH\CodeIgniter.php(932): App\Controllers\BarangController->index()
 7 SYSTEMPATH\CodeIgniter.php(497): CodeIgniter\CodeIgniter->runController(Object(App\Controllers\BarangController))
 8 SYSTEMPATH\CodeIgniter.php(366): CodeIgniter\CodeIgniter->handleRequest(null, Object(Config\Cache), false)
 9 FCPATH\index.php(67): CodeIgniter\CodeIgniter->run()
10 SYSTEMPATH\Commands\Server\rewrite.php(47): require_once('C:\\Users\\ASUS\\Documents\\KULIAH\\SEMESTER 4\\pwl adit\\fp pwl\\public\\index.php')
CRITICAL - 2023-07-12 14:50:44 --> Undefined variable $selectedStatus
in APPPATH\Views\admin\barang\barang.php on line 13.
 1 APPPATH\Views\admin\barang\barang.php(13): CodeIgniter\Debug\Exceptions->errorHandler(2, 'Undefined variable $selectedStatus', 'C:\\Users\\ASUS\\Documents\\KULIAH\\SEMESTER 4\\pwl adit\\fp pwl\\app\\Views\\admin\\barang\\barang.php', 13)
 2 SYSTEMPATH\View\View.php(224): include('C:\\Users\\ASUS\\Documents\\KULIAH\\SEMESTER 4\\pwl adit\\fp pwl\\app\\Views\\admin\\barang\\barang.php')
 3 SYSTEMPATH\View\View.php(227): CodeIgniter\View\View->CodeIgniter\View\{closure}()
 4 SYSTEMPATH\Common.php(1180): CodeIgniter\View\View->render('admin/barang/barang', [], true)
 5 APPPATH\Controllers\BarangController.php(15): view('admin/barang/barang', [...])
 6 SYSTEMPATH\CodeIgniter.php(932): App\Controllers\BarangController->index()
 7 SYSTEMPATH\CodeIgniter.php(497): CodeIgniter\CodeIgniter->runController(Object(App\Controllers\BarangController))
 8 SYSTEMPATH\CodeIgniter.php(366): CodeIgniter\CodeIgniter->handleRequest(null, Object(Config\Cache), false)
 9 FCPATH\index.php(67): CodeIgniter\CodeIgniter->run()
10 SYSTEMPATH\Commands\Server\rewrite.php(47): require_once('C:\\Users\\ASUS\\Documents\\KULIAH\\SEMESTER 4\\pwl adit\\fp pwl\\public\\index.php')
CRITICAL - 2023-07-12 14:50:46 --> Undefined variable $selectedStatus
in APPPATH\Views\admin\barang\barang.php on line 13.
 1 APPPATH\Views\admin\barang\barang.php(13): CodeIgniter\Debug\Exceptions->errorHandler(2, 'Undefined variable $selectedStatus', 'C:\\Users\\ASUS\\Documents\\KULIAH\\SEMESTER 4\\pwl adit\\fp pwl\\app\\Views\\admin\\barang\\barang.php', 13)
 2 SYSTEMPATH\View\View.php(224): include('C:\\Users\\ASUS\\Documents\\KULIAH\\SEMESTER 4\\pwl adit\\fp pwl\\app\\Views\\admin\\barang\\barang.php')
 3 SYSTEMPATH\View\View.php(227): CodeIgniter\View\View->CodeIgniter\View\{closure}()
 4 SYSTEMPATH\Common.php(1180): CodeIgniter\View\View->render('admin/barang/barang', [], true)
 5 APPPATH\Controllers\BarangController.php(15): view('admin/barang/barang', [...])
 6 SYSTEMPATH\CodeIgniter.php(932): App\Controllers\BarangController->index()
 7 SYSTEMPATH\CodeIgniter.php(497): CodeIgniter\CodeIgniter->runController(Object(App\Controllers\BarangController))
 8 SYSTEMPATH\CodeIgniter.php(366): CodeIgniter\CodeIgniter->handleRequest(null, Object(Config\Cache), false)
 9 FCPATH\index.php(67): CodeIgniter\CodeIgniter->run()
10 SYSTEMPATH\Commands\Server\rewrite.php(47): require_once('C:\\Users\\ASUS\\Documents\\KULIAH\\SEMESTER 4\\pwl adit\\fp pwl\\public\\index.php')
CRITICAL - 2023-07-12 14:50:46 --> Undefined variable $selectedStatus
in APPPATH\Views\admin\barang\barang.php on line 13.
 1 APPPATH\Views\admin\barang\barang.php(13): CodeIgniter\Debug\Exceptions->errorHandler(2, 'Undefined variable $selectedStatus', 'C:\\Users\\ASUS\\Documents\\KULIAH\\SEMESTER 4\\pwl adit\\fp pwl\\app\\Views\\admin\\barang\\barang.php', 13)
 2 SYSTEMPATH\View\View.php(224): include('C:\\Users\\ASUS\\Documents\\KULIAH\\SEMESTER 4\\pwl adit\\fp pwl\\app\\Views\\admin\\barang\\barang.php')
 3 SYSTEMPATH\View\View.php(227): CodeIgniter\View\View->CodeIgniter\View\{closure}()
 4 SYSTEMPATH\Common.php(1180): CodeIgniter\View\View->render('admin/barang/barang', [], true)
 5 APPPATH\Controllers\BarangController.php(15): view('admin/barang/barang', [...])
 6 SYSTEMPATH\CodeIgniter.php(932): App\Controllers\BarangController->index()
 7 SYSTEMPATH\CodeIgniter.php(497): CodeIgniter\CodeIgniter->runController(Object(App\Controllers\BarangController))
 8 SYSTEMPATH\CodeIgniter.php(366): CodeIgniter\CodeIgniter->handleRequest(null, Object(Config\Cache), false)
 9 FCPATH\index.php(67): CodeIgniter\CodeIgniter->run()
10 SYSTEMPATH\Commands\Server\rewrite.php(47): require_once('C:\\Users\\ASUS\\Documents\\KULIAH\\SEMESTER 4\\pwl adit\\fp pwl\\public\\index.php')
CRITICAL - 2023-07-12 14:50:46 --> Undefined variable $selectedStatus
in APPPATH\Views\admin\barang\barang.php on line 13.
 1 APPPATH\Views\admin\barang\barang.php(13): CodeIgniter\Debug\Exceptions->errorHandler(2, 'Undefined variable $selectedStatus', 'C:\\Users\\ASUS\\Documents\\KULIAH\\SEMESTER 4\\pwl adit\\fp pwl\\app\\Views\\admin\\barang\\barang.php', 13)
 2 SYSTEMPATH\View\View.php(224): include('C:\\Users\\ASUS\\Documents\\KULIAH\\SEMESTER 4\\pwl adit\\fp pwl\\app\\Views\\admin\\barang\\barang.php')
 3 SYSTEMPATH\View\View.php(227): CodeIgniter\View\View->CodeIgniter\View\{closure}()
 4 SYSTEMPATH\Common.php(1180): CodeIgniter\View\View->render('admin/barang/barang', [], true)
 5 APPPATH\Controllers\BarangController.php(15): view('admin/barang/barang', [...])
 6 SYSTEMPATH\CodeIgniter.php(932): App\Controllers\BarangController->index()
 7 SYSTEMPATH\CodeIgniter.php(497): CodeIgniter\CodeIgniter->runController(Object(App\Controllers\BarangController))
 8 SYSTEMPATH\CodeIgniter.php(366): CodeIgniter\CodeIgniter->handleRequest(null, Object(Config\Cache), false)
 9 FCPATH\index.php(67): CodeIgniter\CodeIgniter->run()
10 SYSTEMPATH\Commands\Server\rewrite.php(47): require_once('C:\\Users\\ASUS\\Documents\\KULIAH\\SEMESTER 4\\pwl adit\\fp pwl\\public\\index.php')
CRITICAL - 2023-07-12 14:54:21 --> Undefined variable $selectedStatus
in APPPATH\Views\admin\barang\barang.php on line 15.
 1 APPPATH\Views\admin\barang\barang.php(15): CodeIgniter\Debug\Exceptions->errorHandler(2, 'Undefined variable $selectedStatus', 'C:\\Users\\ASUS\\Documents\\KULIAH\\SEMESTER 4\\pwl adit\\fp pwl\\app\\Views\\admin\\barang\\barang.php', 15)
 2 SYSTEMPATH\View\View.php(224): include('C:\\Users\\ASUS\\Documents\\KULIAH\\SEMESTER 4\\pwl adit\\fp pwl\\app\\Views\\admin\\barang\\barang.php')
 3 SYSTEMPATH\View\View.php(227): CodeIgniter\View\View->CodeIgniter\View\{closure}()
 4 SYSTEMPATH\Common.php(1180): CodeIgniter\View\View->render('admin/barang/barang', [], true)
 5 APPPATH\Controllers\BarangController.php(15): view('admin/barang/barang', [...])
 6 SYSTEMPATH\CodeIgniter.php(932): App\Controllers\BarangController->index()
 7 SYSTEMPATH\CodeIgniter.php(497): CodeIgniter\CodeIgniter->runController(Object(App\Controllers\BarangController))
 8 SYSTEMPATH\CodeIgniter.php(366): CodeIgniter\CodeIgniter->handleRequest(null, Object(Config\Cache), false)
 9 FCPATH\index.php(67): CodeIgniter\CodeIgniter->run()
10 SYSTEMPATH\Commands\Server\rewrite.php(47): require_once('C:\\Users\\ASUS\\Documents\\KULIAH\\SEMESTER 4\\pwl adit\\fp pwl\\public\\index.php')
CRITICAL - 2023-07-12 14:54:22 --> Undefined variable $selectedStatus
in APPPATH\Views\admin\barang\barang.php on line 15.
 1 APPPATH\Views\admin\barang\barang.php(15): CodeIgniter\Debug\Exceptions->errorHandler(2, 'Undefined variable $selectedStatus', 'C:\\Users\\ASUS\\Documents\\KULIAH\\SEMESTER 4\\pwl adit\\fp pwl\\app\\Views\\admin\\barang\\barang.php', 15)
 2 SYSTEMPATH\View\View.php(224): include('C:\\Users\\ASUS\\Documents\\KULIAH\\SEMESTER 4\\pwl adit\\fp pwl\\app\\Views\\admin\\barang\\barang.php')
 3 SYSTEMPATH\View\View.php(227): CodeIgniter\View\View->CodeIgniter\View\{closure}()
 4 SYSTEMPATH\Common.php(1180): CodeIgniter\View\View->render('admin/barang/barang', [], true)
 5 APPPATH\Controllers\BarangController.php(15): view('admin/barang/barang', [...])
 6 SYSTEMPATH\CodeIgniter.php(932): App\Controllers\BarangController->index()
 7 SYSTEMPATH\CodeIgniter.php(497): CodeIgniter\CodeIgniter->runController(Object(App\Controllers\BarangController))
 8 SYSTEMPATH\CodeIgniter.php(366): CodeIgniter\CodeIgniter->handleRequest(null, Object(Config\Cache), false)
 9 FCPATH\index.php(67): CodeIgniter\CodeIgniter->run()
10 SYSTEMPATH\Commands\Server\rewrite.php(47): require_once('C:\\Users\\ASUS\\Documents\\KULIAH\\SEMESTER 4\\pwl adit\\fp pwl\\public\\index.php')
CRITICAL - 2023-07-12 14:54:22 --> Undefined variable $selectedStatus
in APPPATH\Views\admin\barang\barang.php on line 15.
 1 APPPATH\Views\admin\barang\barang.php(15): CodeIgniter\Debug\Exceptions->errorHandler(2, 'Undefined variable $selectedStatus', 'C:\\Users\\ASUS\\Documents\\KULIAH\\SEMESTER 4\\pwl adit\\fp pwl\\app\\Views\\admin\\barang\\barang.php', 15)
 2 SYSTEMPATH\View\View.php(224): include('C:\\Users\\ASUS\\Documents\\KULIAH\\SEMESTER 4\\pwl adit\\fp pwl\\app\\Views\\admin\\barang\\barang.php')
 3 SYSTEMPATH\View\View.php(227): CodeIgniter\View\View->CodeIgniter\View\{closure}()
 4 SYSTEMPATH\Common.php(1180): CodeIgniter\View\View->render('admin/barang/barang', [], true)
 5 APPPATH\Controllers\BarangController.php(15): view('admin/barang/barang', [...])
 6 SYSTEMPATH\CodeIgniter.php(932): App\Controllers\BarangController->index()
 7 SYSTEMPATH\CodeIgniter.php(497): CodeIgniter\CodeIgniter->runController(Object(App\Controllers\BarangController))
 8 SYSTEMPATH\CodeIgniter.php(366): CodeIgniter\CodeIgniter->handleRequest(null, Object(Config\Cache), false)
 9 FCPATH\index.php(67): CodeIgniter\CodeIgniter->run()
10 SYSTEMPATH\Commands\Server\rewrite.php(47): require_once('C:\\Users\\ASUS\\Documents\\KULIAH\\SEMESTER 4\\pwl adit\\fp pwl\\public\\index.php')
CRITICAL - 2023-07-12 14:54:22 --> Undefined variable $selectedStatus
in APPPATH\Views\admin\barang\barang.php on line 15.
 1 APPPATH\Views\admin\barang\barang.php(15): CodeIgniter\Debug\Exceptions->errorHandler(2, 'Undefined variable $selectedStatus', 'C:\\Users\\ASUS\\Documents\\KULIAH\\SEMESTER 4\\pwl adit\\fp pwl\\app\\Views\\admin\\barang\\barang.php', 15)
 2 SYSTEMPATH\View\View.php(224): include('C:\\Users\\ASUS\\Documents\\KULIAH\\SEMESTER 4\\pwl adit\\fp pwl\\app\\Views\\admin\\barang\\barang.php')
 3 SYSTEMPATH\View\View.php(227): CodeIgniter\View\View->CodeIgniter\View\{closure}()
 4 SYSTEMPATH\Common.php(1180): CodeIgniter\View\View->render('admin/barang/barang', [], true)
 5 APPPATH\Controllers\BarangController.php(15): view('admin/barang/barang', [...])
 6 SYSTEMPATH\CodeIgniter.php(932): App\Controllers\BarangController->index()
 7 SYSTEMPATH\CodeIgniter.php(497): CodeIgniter\CodeIgniter->runController(Object(App\Controllers\BarangController))
 8 SYSTEMPATH\CodeIgniter.php(366): CodeIgniter\CodeIgniter->handleRequest(null, Object(Config\Cache), false)
 9 FCPATH\index.php(67): CodeIgniter\CodeIgniter->run()
10 SYSTEMPATH\Commands\Server\rewrite.php(47): require_once('C:\\Users\\ASUS\\Documents\\KULIAH\\SEMESTER 4\\pwl adit\\fp pwl\\public\\index.php')
INFO - 2023-07-12 15:02:52 --> Session: Class initialized using 'CodeIgniter\Session\Handlers\FileHandler' driver.
INFO - 2023-07-12 15:05:43 --> Session: Class initialized using 'CodeIgniter\Session\Handlers\FileHandler' driver.
CRITICAL - 2023-07-12 15:50:40 --> Undefined array key "id"
in APPPATH\Views\admin\barang\edit_barang.php on line 15.
 1 APPPATH\Views\admin\barang\edit_barang.php(15): CodeIgniter\Debug\Exceptions->errorHandler(2, 'Undefined array key "id"', 'C:\\Users\\ASUS\\Documents\\KULIAH\\SEMESTER 4\\pwl adit\\fp pwl\\app\\Views\\admin\\barang\\edit_barang.php', 15)
 2 SYSTEMPATH\View\View.php(224): include('C:\\Users\\ASUS\\Documents\\KULIAH\\SEMESTER 4\\pwl adit\\fp pwl\\app\\Views\\admin\\barang\\edit_barang.php')
 3 SYSTEMPATH\View\View.php(227): CodeIgniter\View\View->CodeIgniter\View\{closure}()
 4 SYSTEMPATH\Common.php(1180): CodeIgniter\View\View->render('admin/barang/edit_barang', [], true)
 5 APPPATH\Controllers\BarangController.php(61): view('admin/barang/edit_barang', [...])
 6 SYSTEMPATH\CodeIgniter.php(932): App\Controllers\BarangController->edit('1')
 7 SYSTEMPATH\CodeIgniter.php(497): CodeIgniter\CodeIgniter->runController(Object(App\Controllers\BarangController))
 8 SYSTEMPATH\CodeIgniter.php(366): CodeIgniter\CodeIgniter->handleRequest(null, Object(Config\Cache), false)
 9 FCPATH\index.php(67): CodeIgniter\CodeIgniter->run()
10 SYSTEMPATH\Commands\Server\rewrite.php(47): require_once('C:\\Users\\ASUS\\Documents\\KULIAH\\SEMESTER 4\\pwl adit\\fp pwl\\public\\index.php')
CRITICAL - 2023-07-12 15:51:23 --> Undefined array key "id"
in APPPATH\Views\admin\barang\edit_barang.php on line 15.
 1 APPPATH\Views\admin\barang\edit_barang.php(15): CodeIgniter\Debug\Exceptions->errorHandler(2, 'Undefined array key "id"', 'C:\\Users\\ASUS\\Documents\\KULIAH\\SEMESTER 4\\pwl adit\\fp pwl\\app\\Views\\admin\\barang\\edit_barang.php', 15)
 2 SYSTEMPATH\View\View.php(224): include('C:\\Users\\ASUS\\Documents\\KULIAH\\SEMESTER 4\\pwl adit\\fp pwl\\app\\Views\\admin\\barang\\edit_barang.php')
 3 SYSTEMPATH\View\View.php(227): CodeIgniter\View\View->CodeIgniter\View\{closure}()
 4 SYSTEMPATH\Common.php(1180): CodeIgniter\View\View->render('admin/barang/edit_barang', [], true)
 5 APPPATH\Controllers\BarangController.php(61): view('admin/barang/edit_barang', [...])
 6 SYSTEMPATH\CodeIgniter.php(932): App\Controllers\BarangController->edit('1')
 7 SYSTEMPATH\CodeIgniter.php(497): CodeIgniter\CodeIgniter->runController(Object(App\Controllers\BarangController))
 8 SYSTEMPATH\CodeIgniter.php(366): CodeIgniter\CodeIgniter->handleRequest(null, Object(Config\Cache), false)
 9 FCPATH\index.php(67): CodeIgniter\CodeIgniter->run()
10 SYSTEMPATH\Commands\Server\rewrite.php(47): require_once('C:\\Users\\ASUS\\Documents\\KULIAH\\SEMESTER 4\\pwl adit\\fp pwl\\public\\index.php')
CRITICAL - 2023-07-12 15:51:25 --> Undefined array key "id"
in APPPATH\Views\admin\barang\edit_barang.php on line 15.
 1 APPPATH\Views\admin\barang\edit_barang.php(15): CodeIgniter\Debug\Exceptions->errorHandler(2, 'Undefined array key "id"', 'C:\\Users\\ASUS\\Documents\\KULIAH\\SEMESTER 4\\pwl adit\\fp pwl\\app\\Views\\admin\\barang\\edit_barang.php', 15)
 2 SYSTEMPATH\View\View.php(224): include('C:\\Users\\ASUS\\Documents\\KULIAH\\SEMESTER 4\\pwl adit\\fp pwl\\app\\Views\\admin\\barang\\edit_barang.php')
 3 SYSTEMPATH\View\View.php(227): CodeIgniter\View\View->CodeIgniter\View\{closure}()
 4 SYSTEMPATH\Common.php(1180): CodeIgniter\View\View->render('admin/barang/edit_barang', [], true)
 5 APPPATH\Controllers\BarangController.php(61): view('admin/barang/edit_barang', [...])
 6 SYSTEMPATH\CodeIgniter.php(932): App\Controllers\BarangController->edit('1')
 7 SYSTEMPATH\CodeIgniter.php(497): CodeIgniter\CodeIgniter->runController(Object(App\Controllers\BarangController))
 8 SYSTEMPATH\CodeIgniter.php(366): CodeIgniter\CodeIgniter->handleRequest(null, Object(Config\Cache), false)
 9 FCPATH\index.php(67): CodeIgniter\CodeIgniter->run()
10 SYSTEMPATH\Commands\Server\rewrite.php(47): require_once('C:\\Users\\ASUS\\Documents\\KULIAH\\SEMESTER 4\\pwl adit\\fp pwl\\public\\index.php')
CRITICAL - 2023-07-12 15:51:25 --> Undefined array key "id"
in APPPATH\Views\admin\barang\edit_barang.php on line 15.
 1 APPPATH\Views\admin\barang\edit_barang.php(15): CodeIgniter\Debug\Exceptions->errorHandler(2, 'Undefined array key "id"', 'C:\\Users\\ASUS\\Documents\\KULIAH\\SEMESTER 4\\pwl adit\\fp pwl\\app\\Views\\admin\\barang\\edit_barang.php', 15)
 2 SYSTEMPATH\View\View.php(224): include('C:\\Users\\ASUS\\Documents\\KULIAH\\SEMESTER 4\\pwl adit\\fp pwl\\app\\Views\\admin\\barang\\edit_barang.php')
 3 SYSTEMPATH\View\View.php(227): CodeIgniter\View\View->CodeIgniter\View\{closure}()
 4 SYSTEMPATH\Common.php(1180): CodeIgniter\View\View->render('admin/barang/edit_barang', [], true)
 5 APPPATH\Controllers\BarangController.php(61): view('admin/barang/edit_barang', [...])
 6 SYSTEMPATH\CodeIgniter.php(932): App\Controllers\BarangController->edit('1')
 7 SYSTEMPATH\CodeIgniter.php(497): CodeIgniter\CodeIgniter->runController(Object(App\Controllers\BarangController))
 8 SYSTEMPATH\CodeIgniter.php(366): CodeIgniter\CodeIgniter->handleRequest(null, Object(Config\Cache), false)
 9 FCPATH\index.php(67): CodeIgniter\CodeIgniter->run()
10 SYSTEMPATH\Commands\Server\rewrite.php(47): require_once('C:\\Users\\ASUS\\Documents\\KULIAH\\SEMESTER 4\\pwl adit\\fp pwl\\public\\index.php')
CRITICAL - 2023-07-12 15:51:25 --> Undefined array key "id"
in APPPATH\Views\admin\barang\edit_barang.php on line 15.
 1 APPPATH\Views\admin\barang\edit_barang.php(15): CodeIgniter\Debug\Exceptions->errorHandler(2, 'Undefined array key "id"', 'C:\\Users\\ASUS\\Documents\\KULIAH\\SEMESTER 4\\pwl adit\\fp pwl\\app\\Views\\admin\\barang\\edit_barang.php', 15)
 2 SYSTEMPATH\View\View.php(224): include('C:\\Users\\ASUS\\Documents\\KULIAH\\SEMESTER 4\\pwl adit\\fp pwl\\app\\Views\\admin\\barang\\edit_barang.php')
 3 SYSTEMPATH\View\View.php(227): CodeIgniter\View\View->CodeIgniter\View\{closure}()
 4 SYSTEMPATH\Common.php(1180): CodeIgniter\View\View->render('admin/barang/edit_barang', [], true)
 5 APPPATH\Controllers\BarangController.php(61): view('admin/barang/edit_barang', [...])
 6 SYSTEMPATH\CodeIgniter.php(932): App\Controllers\BarangController->edit('1')
 7 SYSTEMPATH\CodeIgniter.php(497): CodeIgniter\CodeIgniter->runController(Object(App\Controllers\BarangController))
 8 SYSTEMPATH\CodeIgniter.php(366): CodeIgniter\CodeIgniter->handleRequest(null, Object(Config\Cache), false)
 9 FCPATH\index.php(67): CodeIgniter\CodeIgniter->run()
10 SYSTEMPATH\Commands\Server\rewrite.php(47): require_once('C:\\Users\\ASUS\\Documents\\KULIAH\\SEMESTER 4\\pwl adit\\fp pwl\\public\\index.php')
CRITICAL - 2023-07-12 15:51:25 --> Undefined array key "id"
in APPPATH\Views\admin\barang\edit_barang.php on line 15.
 1 APPPATH\Views\admin\barang\edit_barang.php(15): CodeIgniter\Debug\Exceptions->errorHandler(2, 'Undefined array key "id"', 'C:\\Users\\ASUS\\Documents\\KULIAH\\SEMESTER 4\\pwl adit\\fp pwl\\app\\Views\\admin\\barang\\edit_barang.php', 15)
 2 SYSTEMPATH\View\View.php(224): include('C:\\Users\\ASUS\\Documents\\KULIAH\\SEMESTER 4\\pwl adit\\fp pwl\\app\\Views\\admin\\barang\\edit_barang.php')
 3 SYSTEMPATH\View\View.php(227): CodeIgniter\View\View->CodeIgniter\View\{closure}()
 4 SYSTEMPATH\Common.php(1180): CodeIgniter\View\View->render('admin/barang/edit_barang', [], true)
 5 APPPATH\Controllers\BarangController.php(61): view('admin/barang/edit_barang', [...])
 6 SYSTEMPATH\CodeIgniter.php(932): App\Controllers\BarangController->edit('1')
 7 SYSTEMPATH\CodeIgniter.php(497): CodeIgniter\CodeIgniter->runController(Object(App\Controllers\BarangController))
 8 SYSTEMPATH\CodeIgniter.php(366): CodeIgniter\CodeIgniter->handleRequest(null, Object(Config\Cache), false)
 9 FCPATH\index.php(67): CodeIgniter\CodeIgniter->run()
10 SYSTEMPATH\Commands\Server\rewrite.php(47): require_once('C:\\Users\\ASUS\\Documents\\KULIAH\\SEMESTER 4\\pwl adit\\fp pwl\\public\\index.php')
CRITICAL - 2023-07-12 15:51:30 --> Undefined array key "id"
in APPPATH\Views\admin\barang\edit_barang.php on line 15.
 1 APPPATH\Views\admin\barang\edit_barang.php(15): CodeIgniter\Debug\Exceptions->errorHandler(2, 'Undefined array key "id"', 'C:\\Users\\ASUS\\Documents\\KULIAH\\SEMESTER 4\\pwl adit\\fp pwl\\app\\Views\\admin\\barang\\edit_barang.php', 15)
 2 SYSTEMPATH\View\View.php(224): include('C:\\Users\\ASUS\\Documents\\KULIAH\\SEMESTER 4\\pwl adit\\fp pwl\\app\\Views\\admin\\barang\\edit_barang.php')
 3 SYSTEMPATH\View\View.php(227): CodeIgniter\View\View->CodeIgniter\View\{closure}()
 4 SYSTEMPATH\Common.php(1180): CodeIgniter\View\View->render('admin/barang/edit_barang', [], true)
 5 APPPATH\Controllers\BarangController.php(61): view('admin/barang/edit_barang', [...])
 6 SYSTEMPATH\CodeIgniter.php(932): App\Controllers\BarangController->edit('1')
 7 SYSTEMPATH\CodeIgniter.php(497): CodeIgniter\CodeIgniter->runController(Object(App\Controllers\BarangController))
 8 SYSTEMPATH\CodeIgniter.php(366): CodeIgniter\CodeIgniter->handleRequest(null, Object(Config\Cache), false)
 9 FCPATH\index.php(67): CodeIgniter\CodeIgniter->run()
10 SYSTEMPATH\Commands\Server\rewrite.php(47): require_once('C:\\Users\\ASUS\\Documents\\KULIAH\\SEMESTER 4\\pwl adit\\fp pwl\\public\\index.php')
CRITICAL - 2023-07-12 15:53:49 --> Undefined array key "id"
in APPPATH\Views\admin\barang\edit_barang.php on line 12.
 1 APPPATH\Views\admin\barang\edit_barang.php(12): CodeIgniter\Debug\Exceptions->errorHandler(2, 'Undefined array key "id"', 'C:\\Users\\ASUS\\Documents\\KULIAH\\SEMESTER 4\\pwl adit\\fp pwl\\app\\Views\\admin\\barang\\edit_barang.php', 12)
 2 SYSTEMPATH\View\View.php(224): include('C:\\Users\\ASUS\\Documents\\KULIAH\\SEMESTER 4\\pwl adit\\fp pwl\\app\\Views\\admin\\barang\\edit_barang.php')
 3 SYSTEMPATH\View\View.php(227): CodeIgniter\View\View->CodeIgniter\View\{closure}()
 4 SYSTEMPATH\Common.php(1180): CodeIgniter\View\View->render('admin/barang/edit_barang', [], true)
 5 APPPATH\Controllers\BarangController.php(61): view('admin/barang/edit_barang', [...])
 6 SYSTEMPATH\CodeIgniter.php(932): App\Controllers\BarangController->edit('1')
 7 SYSTEMPATH\CodeIgniter.php(497): CodeIgniter\CodeIgniter->runController(Object(App\Controllers\BarangController))
 8 SYSTEMPATH\CodeIgniter.php(366): CodeIgniter\CodeIgniter->handleRequest(null, Object(Config\Cache), false)
 9 FCPATH\index.php(67): CodeIgniter\CodeIgniter->run()
10 SYSTEMPATH\Commands\Server\rewrite.php(47): require_once('C:\\Users\\ASUS\\Documents\\KULIAH\\SEMESTER 4\\pwl adit\\fp pwl\\public\\index.php')
CRITICAL - 2023-07-12 16:04:17 --> Undefined array key "id"
in APPPATH\Views\admin\barang\edit_barang.php on line 12.
 1 APPPATH\Views\admin\barang\edit_barang.php(12): CodeIgniter\Debug\Exceptions->errorHandler(2, 'Undefined array key "id"', 'C:\\Users\\ASUS\\Documents\\KULIAH\\SEMESTER 4\\pwl adit\\fp pwl\\app\\Views\\admin\\barang\\edit_barang.php', 12)
 2 SYSTEMPATH\View\View.php(224): include('C:\\Users\\ASUS\\Documents\\KULIAH\\SEMESTER 4\\pwl adit\\fp pwl\\app\\Views\\admin\\barang\\edit_barang.php')
 3 SYSTEMPATH\View\View.php(227): CodeIgniter\View\View->CodeIgniter\View\{closure}()
 4 SYSTEMPATH\Common.php(1180): CodeIgniter\View\View->render('admin/barang/edit_barang', [], true)
 5 APPPATH\Controllers\BarangController.php(61): view('admin/barang/edit_barang', [...])
 6 SYSTEMPATH\CodeIgniter.php(932): App\Controllers\BarangController->edit('1')
 7 SYSTEMPATH\CodeIgniter.php(497): CodeIgniter\CodeIgniter->runController(Object(App\Controllers\BarangController))
 8 SYSTEMPATH\CodeIgniter.php(366): CodeIgniter\CodeIgniter->handleRequest(null, Object(Config\Cache), false)
 9 FCPATH\index.php(67): CodeIgniter\CodeIgniter->run()
10 SYSTEMPATH\Commands\Server\rewrite.php(47): require_once('C:\\Users\\ASUS\\Documents\\KULIAH\\SEMESTER 4\\pwl adit\\fp pwl\\public\\index.php')
CRITICAL - 2023-07-12 16:04:52 --> Undefined array key "id"
in APPPATH\Views\admin\barang\edit_barang.php on line 12.
 1 APPPATH\Views\admin\barang\edit_barang.php(12): CodeIgniter\Debug\Exceptions->errorHandler(2, 'Undefined array key "id"', 'C:\\Users\\ASUS\\Documents\\KULIAH\\SEMESTER 4\\pwl adit\\fp pwl\\app\\Views\\admin\\barang\\edit_barang.php', 12)
 2 SYSTEMPATH\View\View.php(224): include('C:\\Users\\ASUS\\Documents\\KULIAH\\SEMESTER 4\\pwl adit\\fp pwl\\app\\Views\\admin\\barang\\edit_barang.php')
 3 SYSTEMPATH\View\View.php(227): CodeIgniter\View\View->CodeIgniter\View\{closure}()
 4 SYSTEMPATH\Common.php(1180): CodeIgniter\View\View->render('admin/barang/edit_barang', [], true)
 5 APPPATH\Controllers\BarangController.php(61): view('admin/barang/edit_barang', [...])
 6 SYSTEMPATH\CodeIgniter.php(932): App\Controllers\BarangController->edit('4')
 7 SYSTEMPATH\CodeIgniter.php(497): CodeIgniter\CodeIgniter->runController(Object(App\Controllers\BarangController))
 8 SYSTEMPATH\CodeIgniter.php(366): CodeIgniter\CodeIgniter->handleRequest(null, Object(Config\Cache), false)
 9 FCPATH\index.php(67): CodeIgniter\CodeIgniter->run()
10 SYSTEMPATH\Commands\Server\rewrite.php(47): require_once('C:\\Users\\ASUS\\Documents\\KULIAH\\SEMESTER 4\\pwl adit\\fp pwl\\public\\index.php')
CRITICAL - 2023-07-12 16:13:15 --> Undefined array key "id"
in APPPATH\Views\admin\barang\edit_barang.php on line 12.
 1 APPPATH\Views\admin\barang\edit_barang.php(12): CodeIgniter\Debug\Exceptions->errorHandler(2, 'Undefined array key "id"', 'C:\\Users\\ASUS\\Documents\\KULIAH\\SEMESTER 4\\pwl adit\\fp pwl\\app\\Views\\admin\\barang\\edit_barang.php', 12)
 2 SYSTEMPATH\View\View.php(224): include('C:\\Users\\ASUS\\Documents\\KULIAH\\SEMESTER 4\\pwl adit\\fp pwl\\app\\Views\\admin\\barang\\edit_barang.php')
 3 SYSTEMPATH\View\View.php(227): CodeIgniter\View\View->CodeIgniter\View\{closure}()
 4 SYSTEMPATH\Common.php(1180): CodeIgniter\View\View->render('admin/barang/edit_barang', [], true)
 5 APPPATH\Controllers\BarangController.php(61): view('admin/barang/edit_barang', [...])
 6 SYSTEMPATH\CodeIgniter.php(932): App\Controllers\BarangController->edit('4')
 7 SYSTEMPATH\CodeIgniter.php(497): CodeIgniter\CodeIgniter->runController(Object(App\Controllers\BarangController))
 8 SYSTEMPATH\CodeIgniter.php(366): CodeIgniter\CodeIgniter->handleRequest(null, Object(Config\Cache), false)
 9 FCPATH\index.php(67): CodeIgniter\CodeIgniter->run()
10 SYSTEMPATH\Commands\Server\rewrite.php(47): require_once('C:\\Users\\ASUS\\Documents\\KULIAH\\SEMESTER 4\\pwl adit\\fp pwl\\public\\index.php')
CRITICAL - 2023-07-12 16:13:16 --> Undefined array key "id"
in APPPATH\Views\admin\barang\edit_barang.php on line 12.
 1 APPPATH\Views\admin\barang\edit_barang.php(12): CodeIgniter\Debug\Exceptions->errorHandler(2, 'Undefined array key "id"', 'C:\\Users\\ASUS\\Documents\\KULIAH\\SEMESTER 4\\pwl adit\\fp pwl\\app\\Views\\admin\\barang\\edit_barang.php', 12)
 2 SYSTEMPATH\View\View.php(224): include('C:\\Users\\ASUS\\Documents\\KULIAH\\SEMESTER 4\\pwl adit\\fp pwl\\app\\Views\\admin\\barang\\edit_barang.php')
 3 SYSTEMPATH\View\View.php(227): CodeIgniter\View\View->CodeIgniter\View\{closure}()
 4 SYSTEMPATH\Common.php(1180): CodeIgniter\View\View->render('admin/barang/edit_barang', [], true)
 5 APPPATH\Controllers\BarangController.php(61): view('admin/barang/edit_barang', [...])
 6 SYSTEMPATH\CodeIgniter.php(932): App\Controllers\BarangController->edit('4')
 7 SYSTEMPATH\CodeIgniter.php(497): CodeIgniter\CodeIgniter->runController(Object(App\Controllers\BarangController))
 8 SYSTEMPATH\CodeIgniter.php(366): CodeIgniter\CodeIgniter->handleRequest(null, Object(Config\Cache), false)
 9 FCPATH\index.php(67): CodeIgniter\CodeIgniter->run()
10 SYSTEMPATH\Commands\Server\rewrite.php(47): require_once('C:\\Users\\ASUS\\Documents\\KULIAH\\SEMESTER 4\\pwl adit\\fp pwl\\public\\index.php')
CRITICAL - 2023-07-12 16:13:16 --> Undefined array key "id"
in APPPATH\Views\admin\barang\edit_barang.php on line 12.
 1 APPPATH\Views\admin\barang\edit_barang.php(12): CodeIgniter\Debug\Exceptions->errorHandler(2, 'Undefined array key "id"', 'C:\\Users\\ASUS\\Documents\\KULIAH\\SEMESTER 4\\pwl adit\\fp pwl\\app\\Views\\admin\\barang\\edit_barang.php', 12)
 2 SYSTEMPATH\View\View.php(224): include('C:\\Users\\ASUS\\Documents\\KULIAH\\SEMESTER 4\\pwl adit\\fp pwl\\app\\Views\\admin\\barang\\edit_barang.php')
 3 SYSTEMPATH\View\View.php(227): CodeIgniter\View\View->CodeIgniter\View\{closure}()
 4 SYSTEMPATH\Common.php(1180): CodeIgniter\View\View->render('admin/barang/edit_barang', [], true)
 5 APPPATH\Controllers\BarangController.php(61): view('admin/barang/edit_barang', [...])
 6 SYSTEMPATH\CodeIgniter.php(932): App\Controllers\BarangController->edit('4')
 7 SYSTEMPATH\CodeIgniter.php(497): CodeIgniter\CodeIgniter->runController(Object(App\Controllers\BarangController))
 8 SYSTEMPATH\CodeIgniter.php(366): CodeIgniter\CodeIgniter->handleRequest(null, Object(Config\Cache), false)
 9 FCPATH\index.php(67): CodeIgniter\CodeIgniter->run()
10 SYSTEMPATH\Commands\Server\rewrite.php(47): require_once('C:\\Users\\ASUS\\Documents\\KULIAH\\SEMESTER 4\\pwl adit\\fp pwl\\public\\index.php')
CRITICAL - 2023-07-12 16:13:16 --> Undefined array key "id"
in APPPATH\Views\admin\barang\edit_barang.php on line 12.
 1 APPPATH\Views\admin\barang\edit_barang.php(12): CodeIgniter\Debug\Exceptions->errorHandler(2, 'Undefined array key "id"', 'C:\\Users\\ASUS\\Documents\\KULIAH\\SEMESTER 4\\pwl adit\\fp pwl\\app\\Views\\admin\\barang\\edit_barang.php', 12)
 2 SYSTEMPATH\View\View.php(224): include('C:\\Users\\ASUS\\Documents\\KULIAH\\SEMESTER 4\\pwl adit\\fp pwl\\app\\Views\\admin\\barang\\edit_barang.php')
 3 SYSTEMPATH\View\View.php(227): CodeIgniter\View\View->CodeIgniter\View\{closure}()
 4 SYSTEMPATH\Common.php(1180): CodeIgniter\View\View->render('admin/barang/edit_barang', [], true)
 5 APPPATH\Controllers\BarangController.php(61): view('admin/barang/edit_barang', [...])
 6 SYSTEMPATH\CodeIgniter.php(932): App\Controllers\BarangController->edit('4')
 7 SYSTEMPATH\CodeIgniter.php(497): CodeIgniter\CodeIgniter->runController(Object(App\Controllers\BarangController))
 8 SYSTEMPATH\CodeIgniter.php(366): CodeIgniter\CodeIgniter->handleRequest(null, Object(Config\Cache), false)
 9 FCPATH\index.php(67): CodeIgniter\CodeIgniter->run()
10 SYSTEMPATH\Commands\Server\rewrite.php(47): require_once('C:\\Users\\ASUS\\Documents\\KULIAH\\SEMESTER 4\\pwl adit\\fp pwl\\public\\index.php')
CRITICAL - 2023-07-12 16:13:16 --> Undefined array key "id"
in APPPATH\Views\admin\barang\edit_barang.php on line 12.
 1 APPPATH\Views\admin\barang\edit_barang.php(12): CodeIgniter\Debug\Exceptions->errorHandler(2, 'Undefined array key "id"', 'C:\\Users\\ASUS\\Documents\\KULIAH\\SEMESTER 4\\pwl adit\\fp pwl\\app\\Views\\admin\\barang\\edit_barang.php', 12)
 2 SYSTEMPATH\View\View.php(224): include('C:\\Users\\ASUS\\Documents\\KULIAH\\SEMESTER 4\\pwl adit\\fp pwl\\app\\Views\\admin\\barang\\edit_barang.php')
 3 SYSTEMPATH\View\View.php(227): CodeIgniter\View\View->CodeIgniter\View\{closure}()
 4 SYSTEMPATH\Common.php(1180): CodeIgniter\View\View->render('admin/barang/edit_barang', [], true)
 5 APPPATH\Controllers\BarangController.php(61): view('admin/barang/edit_barang', [...])
 6 SYSTEMPATH\CodeIgniter.php(932): App\Controllers\BarangController->edit('4')
 7 SYSTEMPATH\CodeIgniter.php(497): CodeIgniter\CodeIgniter->runController(Object(App\Controllers\BarangController))
 8 SYSTEMPATH\CodeIgniter.php(366): CodeIgniter\CodeIgniter->handleRequest(null, Object(Config\Cache), false)
 9 FCPATH\index.php(67): CodeIgniter\CodeIgniter->run()
10 SYSTEMPATH\Commands\Server\rewrite.php(47): require_once('C:\\Users\\ASUS\\Documents\\KULIAH\\SEMESTER 4\\pwl adit\\fp pwl\\public\\index.php')
CRITICAL - 2023-07-12 16:13:16 --> Undefined array key "id"
in APPPATH\Views\admin\barang\edit_barang.php on line 12.
 1 APPPATH\Views\admin\barang\edit_barang.php(12): CodeIgniter\Debug\Exceptions->errorHandler(2, 'Undefined array key "id"', 'C:\\Users\\ASUS\\Documents\\KULIAH\\SEMESTER 4\\pwl adit\\fp pwl\\app\\Views\\admin\\barang\\edit_barang.php', 12)
 2 SYSTEMPATH\View\View.php(224): include('C:\\Users\\ASUS\\Documents\\KULIAH\\SEMESTER 4\\pwl adit\\fp pwl\\app\\Views\\admin\\barang\\edit_barang.php')
 3 SYSTEMPATH\View\View.php(227): CodeIgniter\View\View->CodeIgniter\View\{closure}()
 4 SYSTEMPATH\Common.php(1180): CodeIgniter\View\View->render('admin/barang/edit_barang', [], true)
 5 APPPATH\Controllers\BarangController.php(61): view('admin/barang/edit_barang', [...])
 6 SYSTEMPATH\CodeIgniter.php(932): App\Controllers\BarangController->edit('4')
 7 SYSTEMPATH\CodeIgniter.php(497): CodeIgniter\CodeIgniter->runController(Object(App\Controllers\BarangController))
 8 SYSTEMPATH\CodeIgniter.php(366): CodeIgniter\CodeIgniter->handleRequest(null, Object(Config\Cache), false)
 9 FCPATH\index.php(67): CodeIgniter\CodeIgniter->run()
10 SYSTEMPATH\Commands\Server\rewrite.php(47): require_once('C:\\Users\\ASUS\\Documents\\KULIAH\\SEMESTER 4\\pwl adit\\fp pwl\\public\\index.php')
CRITICAL - 2023-07-12 16:13:17 --> Undefined array key "id"
in APPPATH\Views\admin\barang\edit_barang.php on line 12.
 1 APPPATH\Views\admin\barang\edit_barang.php(12): CodeIgniter\Debug\Exceptions->errorHandler(2, 'Undefined array key "id"', 'C:\\Users\\ASUS\\Documents\\KULIAH\\SEMESTER 4\\pwl adit\\fp pwl\\app\\Views\\admin\\barang\\edit_barang.php', 12)
 2 SYSTEMPATH\View\View.php(224): include('C:\\Users\\ASUS\\Documents\\KULIAH\\SEMESTER 4\\pwl adit\\fp pwl\\app\\Views\\admin\\barang\\edit_barang.php')
 3 SYSTEMPATH\View\View.php(227): CodeIgniter\View\View->CodeIgniter\View\{closure}()
 4 SYSTEMPATH\Common.php(1180): CodeIgniter\View\View->render('admin/barang/edit_barang', [], true)
 5 APPPATH\Controllers\BarangController.php(61): view('admin/barang/edit_barang', [...])
 6 SYSTEMPATH\CodeIgniter.php(932): App\Controllers\BarangController->edit('4')
 7 SYSTEMPATH\CodeIgniter.php(497): CodeIgniter\CodeIgniter->runController(Object(App\Controllers\BarangController))
 8 SYSTEMPATH\CodeIgniter.php(366): CodeIgniter\CodeIgniter->handleRequest(null, Object(Config\Cache), false)
 9 FCPATH\index.php(67): CodeIgniter\CodeIgniter->run()
10 SYSTEMPATH\Commands\Server\rewrite.php(47): require_once('C:\\Users\\ASUS\\Documents\\KULIAH\\SEMESTER 4\\pwl adit\\fp pwl\\public\\index.php')
CRITICAL - 2023-07-12 16:15:05 --> Undefined array key "barang"
in APPPATH\Views\admin\barang\edit_barang.php on line 16.
 1 APPPATH\Views\admin\barang\edit_barang.php(16): CodeIgniter\Debug\Exceptions->errorHandler(2, 'Undefined array key "barang"', 'C:\\Users\\ASUS\\Documents\\KULIAH\\SEMESTER 4\\pwl adit\\fp pwl\\app\\Views\\admin\\barang\\edit_barang.php', 16)
 2 SYSTEMPATH\View\View.php(224): include('C:\\Users\\ASUS\\Documents\\KULIAH\\SEMESTER 4\\pwl adit\\fp pwl\\app\\Views\\admin\\barang\\edit_barang.php')
 3 SYSTEMPATH\View\View.php(227): CodeIgniter\View\View->CodeIgniter\View\{closure}()
 4 SYSTEMPATH\Common.php(1180): CodeIgniter\View\View->render('admin/barang/edit_barang', [], true)
 5 APPPATH\Controllers\BarangController.php(61): view('admin/barang/edit_barang', [...])
 6 SYSTEMPATH\CodeIgniter.php(932): App\Controllers\BarangController->edit('4')
 7 SYSTEMPATH\CodeIgniter.php(497): CodeIgniter\CodeIgniter->runController(Object(App\Controllers\BarangController))
 8 SYSTEMPATH\CodeIgniter.php(366): CodeIgniter\CodeIgniter->handleRequest(null, Object(Config\Cache), false)
 9 FCPATH\index.php(67): CodeIgniter\CodeIgniter->run()
10 SYSTEMPATH\Commands\Server\rewrite.php(47): require_once('C:\\Users\\ASUS\\Documents\\KULIAH\\SEMESTER 4\\pwl adit\\fp pwl\\public\\index.php')
CRITICAL - 2023-07-12 16:18:17 --> Undefined array key "id"
in APPPATH\Views\admin\barang\edit_barang.php on line 12.
 1 APPPATH\Views\admin\barang\edit_barang.php(12): CodeIgniter\Debug\Exceptions->errorHandler(2, 'Undefined array key "id"', 'C:\\Users\\ASUS\\Documents\\KULIAH\\SEMESTER 4\\pwl adit\\fp pwl\\app\\Views\\admin\\barang\\edit_barang.php', 12)
 2 SYSTEMPATH\View\View.php(224): include('C:\\Users\\ASUS\\Documents\\KULIAH\\SEMESTER 4\\pwl adit\\fp pwl\\app\\Views\\admin\\barang\\edit_barang.php')
 3 SYSTEMPATH\View\View.php(227): CodeIgniter\View\View->CodeIgniter\View\{closure}()
 4 SYSTEMPATH\Common.php(1180): CodeIgniter\View\View->render('admin/barang/edit_barang', [], true)
 5 APPPATH\Controllers\BarangController.php(61): view('admin/barang/edit_barang', [...])
 6 SYSTEMPATH\CodeIgniter.php(932): App\Controllers\BarangController->edit('4')
 7 SYSTEMPATH\CodeIgniter.php(497): CodeIgniter\CodeIgniter->runController(Object(App\Controllers\BarangController))
 8 SYSTEMPATH\CodeIgniter.php(366): CodeIgniter\CodeIgniter->handleRequest(null, Object(Config\Cache), false)
 9 FCPATH\index.php(67): CodeIgniter\CodeIgniter->run()
10 SYSTEMPATH\Commands\Server\rewrite.php(47): require_once('C:\\Users\\ASUS\\Documents\\KULIAH\\SEMESTER 4\\pwl adit\\fp pwl\\public\\index.php')
CRITICAL - 2023-07-12 16:24:22 --> Undefined array key "id"
in APPPATH\Views\admin\barang\edit_barang.php on line 12.
 1 APPPATH\Views\admin\barang\edit_barang.php(12): CodeIgniter\Debug\Exceptions->errorHandler(2, 'Undefined array key "id"', 'C:\\Users\\ASUS\\Documents\\KULIAH\\SEMESTER 4\\pwl adit\\fp pwl\\app\\Views\\admin\\barang\\edit_barang.php', 12)
 2 SYSTEMPATH\View\View.php(224): include('C:\\Users\\ASUS\\Documents\\KULIAH\\SEMESTER 4\\pwl adit\\fp pwl\\app\\Views\\admin\\barang\\edit_barang.php')
 3 SYSTEMPATH\View\View.php(227): CodeIgniter\View\View->CodeIgniter\View\{closure}()
 4 SYSTEMPATH\Common.php(1180): CodeIgniter\View\View->render('admin/barang/edit_barang', [], true)
 5 APPPATH\Controllers\BarangController.php(61): view('admin/barang/edit_barang', [...])
 6 SYSTEMPATH\CodeIgniter.php(932): App\Controllers\BarangController->edit('4')
 7 SYSTEMPATH\CodeIgniter.php(497): CodeIgniter\CodeIgniter->runController(Object(App\Controllers\BarangController))
 8 SYSTEMPATH\CodeIgniter.php(366): CodeIgniter\CodeIgniter->handleRequest(null, Object(Config\Cache), false)
 9 FCPATH\index.php(67): CodeIgniter\CodeIgniter->run()
10 SYSTEMPATH\Commands\Server\rewrite.php(47): require_once('C:\\Users\\ASUS\\Documents\\KULIAH\\SEMESTER 4\\pwl adit\\fp pwl\\public\\index.php')
CRITICAL - 2023-07-12 16:24:27 --> Undefined array key "id"
in APPPATH\Views\admin\barang\edit_barang.php on line 12.
 1 APPPATH\Views\admin\barang\edit_barang.php(12): CodeIgniter\Debug\Exceptions->errorHandler(2, 'Undefined array key "id"', 'C:\\Users\\ASUS\\Documents\\KULIAH\\SEMESTER 4\\pwl adit\\fp pwl\\app\\Views\\admin\\barang\\edit_barang.php', 12)
 2 SYSTEMPATH\View\View.php(224): include('C:\\Users\\ASUS\\Documents\\KULIAH\\SEMESTER 4\\pwl adit\\fp pwl\\app\\Views\\admin\\barang\\edit_barang.php')
 3 SYSTEMPATH\View\View.php(227): CodeIgniter\View\View->CodeIgniter\View\{closure}()
 4 SYSTEMPATH\Common.php(1180): CodeIgniter\View\View->render('admin/barang/edit_barang', [], true)
 5 APPPATH\Controllers\BarangController.php(61): view('admin/barang/edit_barang', [...])
 6 SYSTEMPATH\CodeIgniter.php(932): App\Controllers\BarangController->edit('4')
 7 SYSTEMPATH\CodeIgniter.php(497): CodeIgniter\CodeIgniter->runController(Object(App\Controllers\BarangController))
 8 SYSTEMPATH\CodeIgniter.php(366): CodeIgniter\CodeIgniter->handleRequest(null, Object(Config\Cache), false)
 9 FCPATH\index.php(67): CodeIgniter\CodeIgniter->run()
10 SYSTEMPATH\Commands\Server\rewrite.php(47): require_once('C:\\Users\\ASUS\\Documents\\KULIAH\\SEMESTER 4\\pwl adit\\fp pwl\\public\\index.php')
CRITICAL - 2023-07-12 16:26:40 --> Undefined array key "id"
in APPPATH\Views\admin\barang\edit_barang.php on line 12.
 1 APPPATH\Views\admin\barang\edit_barang.php(12): CodeIgniter\Debug\Exceptions->errorHandler(2, 'Undefined array key "id"', 'C:\\Users\\ASUS\\Documents\\KULIAH\\SEMESTER 4\\pwl adit\\fp pwl\\app\\Views\\admin\\barang\\edit_barang.php', 12)
 2 SYSTEMPATH\View\View.php(224): include('C:\\Users\\ASUS\\Documents\\KULIAH\\SEMESTER 4\\pwl adit\\fp pwl\\app\\Views\\admin\\barang\\edit_barang.php')
 3 SYSTEMPATH\View\View.php(227): CodeIgniter\View\View->CodeIgniter\View\{closure}()
 4 SYSTEMPATH\Common.php(1180): CodeIgniter\View\View->render('admin/barang/edit_barang', [], true)
 5 APPPATH\Controllers\BarangController.php(61): view('admin/barang/edit_barang', [...])
 6 SYSTEMPATH\CodeIgniter.php(932): App\Controllers\BarangController->edit('4')
 7 SYSTEMPATH\CodeIgniter.php(497): CodeIgniter\CodeIgniter->runController(Object(App\Controllers\BarangController))
 8 SYSTEMPATH\CodeIgniter.php(366): CodeIgniter\CodeIgniter->handleRequest(null, Object(Config\Cache), false)
 9 FCPATH\index.php(67): CodeIgniter\CodeIgniter->run()
10 SYSTEMPATH\Commands\Server\rewrite.php(47): require_once('C:\\Users\\ASUS\\Documents\\KULIAH\\SEMESTER 4\\pwl adit\\fp pwl\\public\\index.php')
CRITICAL - 2023-07-12 16:31:39 --> Cannot redeclare App\Models\BarangModel::getBarang()
in APPPATH\Models\BarangModel.php on line 18.
 1 [internal function]: CodeIgniter\Debug\Exceptions->shutdownHandler()
INFO - 2023-07-12 16:32:06 --> Session: Class initialized using 'CodeIgniter\Session\Handlers\FileHandler' driver.
CRITICAL - 2023-07-12 16:32:06 --> Undefined array key "id"
in APPPATH\Views\admin\barang\edit_barang.php on line 26.
 1 APPPATH\Views\admin\barang\edit_barang.php(26): CodeIgniter\Debug\Exceptions->errorHandler(2, 'Undefined array key "id"', 'C:\\Users\\ASUS\\Documents\\KULIAH\\SEMESTER 4\\pwl adit\\fp pwl\\app\\Views\\admin\\barang\\edit_barang.php', 26)
 2 SYSTEMPATH\View\View.php(224): include('C:\\Users\\ASUS\\Documents\\KULIAH\\SEMESTER 4\\pwl adit\\fp pwl\\app\\Views\\admin\\barang\\edit_barang.php')
 3 SYSTEMPATH\View\View.php(227): CodeIgniter\View\View->CodeIgniter\View\{closure}()
 4 SYSTEMPATH\Common.php(1180): CodeIgniter\View\View->render('admin/barang/edit_barang', [], true)
 5 APPPATH\Controllers\BarangController.php(61): view('admin/barang/edit_barang', [...])
 6 SYSTEMPATH\CodeIgniter.php(932): App\Controllers\BarangController->edit('4')
 7 SYSTEMPATH\CodeIgniter.php(497): CodeIgniter\CodeIgniter->runController(Object(App\Controllers\BarangController))
 8 SYSTEMPATH\CodeIgniter.php(366): CodeIgniter\CodeIgniter->handleRequest(null, Object(Config\Cache), false)
 9 FCPATH\index.php(67): CodeIgniter\CodeIgniter->run()
10 SYSTEMPATH\Commands\Server\rewrite.php(47): require_once('C:\\Users\\ASUS\\Documents\\KULIAH\\SEMESTER 4\\pwl adit\\fp pwl\\public\\index.php')
INFO - 2023-07-12 16:32:10 --> Session: Class initialized using 'CodeIgniter\Session\Handlers\FileHandler' driver.
CRITICAL - 2023-07-12 16:32:10 --> Undefined array key "id"
in APPPATH\Views\admin\barang\edit_barang.php on line 26.
 1 APPPATH\Views\admin\barang\edit_barang.php(26): CodeIgniter\Debug\Exceptions->errorHandler(2, 'Undefined array key "id"', 'C:\\Users\\ASUS\\Documents\\KULIAH\\SEMESTER 4\\pwl adit\\fp pwl\\app\\Views\\admin\\barang\\edit_barang.php', 26)
 2 SYSTEMPATH\View\View.php(224): include('C:\\Users\\ASUS\\Documents\\KULIAH\\SEMESTER 4\\pwl adit\\fp pwl\\app\\Views\\admin\\barang\\edit_barang.php')
 3 SYSTEMPATH\View\View.php(227): CodeIgniter\View\View->CodeIgniter\View\{closure}()
 4 SYSTEMPATH\Common.php(1180): CodeIgniter\View\View->render('admin/barang/edit_barang', [], true)
 5 APPPATH\Controllers\BarangController.php(61): view('admin/barang/edit_barang', [...])
 6 SYSTEMPATH\CodeIgniter.php(932): App\Controllers\BarangController->edit('4')
 7 SYSTEMPATH\CodeIgniter.php(497): CodeIgniter\CodeIgniter->runController(Object(App\Controllers\BarangController))
 8 SYSTEMPATH\CodeIgniter.php(366): CodeIgniter\CodeIgniter->handleRequest(null, Object(Config\Cache), false)
 9 FCPATH\index.php(67): CodeIgniter\CodeIgniter->run()
10 SYSTEMPATH\Commands\Server\rewrite.php(47): require_once('C:\\Users\\ASUS\\Documents\\KULIAH\\SEMESTER 4\\pwl adit\\fp pwl\\public\\index.php')
INFO - 2023-07-12 16:32:15 --> Session: Class initialized using 'CodeIgniter\Session\Handlers\FileHandler' driver.
CRITICAL - 2023-07-12 16:32:15 --> Undefined array key "id"
in APPPATH\Views\admin\barang\edit_barang.php on line 26.
 1 APPPATH\Views\admin\barang\edit_barang.php(26): CodeIgniter\Debug\Exceptions->errorHandler(2, 'Undefined array key "id"', 'C:\\Users\\ASUS\\Documents\\KULIAH\\SEMESTER 4\\pwl adit\\fp pwl\\app\\Views\\admin\\barang\\edit_barang.php', 26)
 2 SYSTEMPATH\View\View.php(224): include('C:\\Users\\ASUS\\Documents\\KULIAH\\SEMESTER 4\\pwl adit\\fp pwl\\app\\Views\\admin\\barang\\edit_barang.php')
 3 SYSTEMPATH\View\View.php(227): CodeIgniter\View\View->CodeIgniter\View\{closure}()
 4 SYSTEMPATH\Common.php(1180): CodeIgniter\View\View->render('admin/barang/edit_barang', [], true)
 5 APPPATH\Controllers\BarangController.php(61): view('admin/barang/edit_barang', [...])
 6 SYSTEMPATH\CodeIgniter.php(932): App\Controllers\BarangController->edit('4')
 7 SYSTEMPATH\CodeIgniter.php(497): CodeIgniter\CodeIgniter->runController(Object(App\Controllers\BarangController))
 8 SYSTEMPATH\CodeIgniter.php(366): CodeIgniter\CodeIgniter->handleRequest(null, Object(Config\Cache), false)
 9 FCPATH\index.php(67): CodeIgniter\CodeIgniter->run()
10 SYSTEMPATH\Commands\Server\rewrite.php(47): require_once('C:\\Users\\ASUS\\Documents\\KULIAH\\SEMESTER 4\\pwl adit\\fp pwl\\public\\index.php')
INFO - 2023-07-12 16:34:00 --> Session: Class initialized using 'CodeIgniter\Session\Handlers\FileHandler' driver.
CRITICAL - 2023-07-12 16:34:00 --> Undefined array key "id"
in APPPATH\Views\admin\barang\edit_barang.php on line 26.
 1 APPPATH\Views\admin\barang\edit_barang.php(26): CodeIgniter\Debug\Exceptions->errorHandler(2, 'Undefined array key "id"', 'C:\\Users\\ASUS\\Documents\\KULIAH\\SEMESTER 4\\pwl adit\\fp pwl\\app\\Views\\admin\\barang\\edit_barang.php', 26)
 2 SYSTEMPATH\View\View.php(224): include('C:\\Users\\ASUS\\Documents\\KULIAH\\SEMESTER 4\\pwl adit\\fp pwl\\app\\Views\\admin\\barang\\edit_barang.php')
 3 SYSTEMPATH\View\View.php(227): CodeIgniter\View\View->CodeIgniter\View\{closure}()
 4 SYSTEMPATH\Common.php(1180): CodeIgniter\View\View->render('admin/barang/edit_barang', [], true)
 5 APPPATH\Controllers\BarangController.php(61): view('admin/barang/edit_barang', [...])
 6 SYSTEMPATH\CodeIgniter.php(932): App\Controllers\BarangController->edit('4')
 7 SYSTEMPATH\CodeIgniter.php(497): CodeIgniter\CodeIgniter->runController(Object(App\Controllers\BarangController))
 8 SYSTEMPATH\CodeIgniter.php(366): CodeIgniter\CodeIgniter->handleRequest(null, Object(Config\Cache), false)
 9 FCPATH\index.php(67): CodeIgniter\CodeIgniter->run()
10 SYSTEMPATH\Commands\Server\rewrite.php(47): require_once('C:\\Users\\ASUS\\Documents\\KULIAH\\SEMESTER 4\\pwl adit\\fp pwl\\public\\index.php')
INFO - 2023-07-12 16:34:01 --> Session: Class initialized using 'CodeIgniter\Session\Handlers\FileHandler' driver.
CRITICAL - 2023-07-12 16:34:01 --> Undefined array key "id"
in APPPATH\Views\admin\barang\edit_barang.php on line 26.
 1 APPPATH\Views\admin\barang\edit_barang.php(26): CodeIgniter\Debug\Exceptions->errorHandler(2, 'Undefined array key "id"', 'C:\\Users\\ASUS\\Documents\\KULIAH\\SEMESTER 4\\pwl adit\\fp pwl\\app\\Views\\admin\\barang\\edit_barang.php', 26)
 2 SYSTEMPATH\View\View.php(224): include('C:\\Users\\ASUS\\Documents\\KULIAH\\SEMESTER 4\\pwl adit\\fp pwl\\app\\Views\\admin\\barang\\edit_barang.php')
 3 SYSTEMPATH\View\View.php(227): CodeIgniter\View\View->CodeIgniter\View\{closure}()
 4 SYSTEMPATH\Common.php(1180): CodeIgniter\View\View->render('admin/barang/edit_barang', [], true)
 5 APPPATH\Controllers\BarangController.php(61): view('admin/barang/edit_barang', [...])
 6 SYSTEMPATH\CodeIgniter.php(932): App\Controllers\BarangController->edit('4')
 7 SYSTEMPATH\CodeIgniter.php(497): CodeIgniter\CodeIgniter->runController(Object(App\Controllers\BarangController))
 8 SYSTEMPATH\CodeIgniter.php(366): CodeIgniter\CodeIgniter->handleRequest(null, Object(Config\Cache), false)
 9 FCPATH\index.php(67): CodeIgniter\CodeIgniter->run()
10 SYSTEMPATH\Commands\Server\rewrite.php(47): require_once('C:\\Users\\ASUS\\Documents\\KULIAH\\SEMESTER 4\\pwl adit\\fp pwl\\public\\index.php')
INFO - 2023-07-12 16:34:01 --> Session: Class initialized using 'CodeIgniter\Session\Handlers\FileHandler' driver.
CRITICAL - 2023-07-12 16:34:01 --> Undefined array key "id"
in APPPATH\Views\admin\barang\edit_barang.php on line 26.
 1 APPPATH\Views\admin\barang\edit_barang.php(26): CodeIgniter\Debug\Exceptions->errorHandler(2, 'Undefined array key "id"', 'C:\\Users\\ASUS\\Documents\\KULIAH\\SEMESTER 4\\pwl adit\\fp pwl\\app\\Views\\admin\\barang\\edit_barang.php', 26)
 2 SYSTEMPATH\View\View.php(224): include('C:\\Users\\ASUS\\Documents\\KULIAH\\SEMESTER 4\\pwl adit\\fp pwl\\app\\Views\\admin\\barang\\edit_barang.php')
 3 SYSTEMPATH\View\View.php(227): CodeIgniter\View\View->CodeIgniter\View\{closure}()
 4 SYSTEMPATH\Common.php(1180): CodeIgniter\View\View->render('admin/barang/edit_barang', [], true)
 5 APPPATH\Controllers\BarangController.php(61): view('admin/barang/edit_barang', [...])
 6 SYSTEMPATH\CodeIgniter.php(932): App\Controllers\BarangController->edit('4')
 7 SYSTEMPATH\CodeIgniter.php(497): CodeIgniter\CodeIgniter->runController(Object(App\Controllers\BarangController))
 8 SYSTEMPATH\CodeIgniter.php(366): CodeIgniter\CodeIgniter->handleRequest(null, Object(Config\Cache), false)
 9 FCPATH\index.php(67): CodeIgniter\CodeIgniter->run()
10 SYSTEMPATH\Commands\Server\rewrite.php(47): require_once('C:\\Users\\ASUS\\Documents\\KULIAH\\SEMESTER 4\\pwl adit\\fp pwl\\public\\index.php')
INFO - 2023-07-12 16:34:07 --> Session: Class initialized using 'CodeIgniter\Session\Handlers\FileHandler' driver.
CRITICAL - 2023-07-12 16:34:07 --> Undefined array key "id"
in APPPATH\Views\admin\barang\edit_barang.php on line 26.
 1 APPPATH\Views\admin\barang\edit_barang.php(26): CodeIgniter\Debug\Exceptions->errorHandler(2, 'Undefined array key "id"', 'C:\\Users\\ASUS\\Documents\\KULIAH\\SEMESTER 4\\pwl adit\\fp pwl\\app\\Views\\admin\\barang\\edit_barang.php', 26)
 2 SYSTEMPATH\View\View.php(224): include('C:\\Users\\ASUS\\Documents\\KULIAH\\SEMESTER 4\\pwl adit\\fp pwl\\app\\Views\\admin\\barang\\edit_barang.php')
 3 SYSTEMPATH\View\View.php(227): CodeIgniter\View\View->CodeIgniter\View\{closure}()
 4 SYSTEMPATH\Common.php(1180): CodeIgniter\View\View->render('admin/barang/edit_barang', [], true)
 5 APPPATH\Controllers\BarangController.php(61): view('admin/barang/edit_barang', [...])
 6 SYSTEMPATH\CodeIgniter.php(932): App\Controllers\BarangController->edit('4')
 7 SYSTEMPATH\CodeIgniter.php(497): CodeIgniter\CodeIgniter->runController(Object(App\Controllers\BarangController))
 8 SYSTEMPATH\CodeIgniter.php(366): CodeIgniter\CodeIgniter->handleRequest(null, Object(Config\Cache), false)
 9 FCPATH\index.php(67): CodeIgniter\CodeIgniter->run()
10 SYSTEMPATH\Commands\Server\rewrite.php(47): require_once('C:\\Users\\ASUS\\Documents\\KULIAH\\SEMESTER 4\\pwl adit\\fp pwl\\public\\index.php')
INFO - 2023-07-12 16:41:21 --> Session: Class initialized using 'CodeIgniter\Session\Handlers\FileHandler' driver.
INFO - 2023-07-12 16:41:32 --> Session: Class initialized using 'CodeIgniter\Session\Handlers\FileHandler' driver.
INFO - 2023-07-12 16:41:46 --> Session: Class initialized using 'CodeIgniter\Session\Handlers\FileHandler' driver.
INFO - 2023-07-12 16:41:51 --> Session: Class initialized using 'CodeIgniter\Session\Handlers\FileHandler' driver.
INFO - 2023-07-12 16:42:06 --> Session: Class initialized using 'CodeIgniter\Session\Handlers\FileHandler' driver.
INFO - 2023-07-12 16:43:35 --> Session: Class initialized using 'CodeIgniter\Session\Handlers\FileHandler' driver.
INFO - 2023-07-12 16:44:45 --> Session: Class initialized using 'CodeIgniter\Session\Handlers\FileHandler' driver.
INFO - 2023-07-12 16:44:46 --> Session: Class initialized using 'CodeIgniter\Session\Handlers\FileHandler' driver.
ERROR - 2023-07-12 17:19:20 --> mysqli_sql_exception: Unknown column 'username' in 'where clause' in C:\Users\ASUS\Documents\KULIAH\SEMESTER 4\pwl adit\fp pwl\system\Database\MySQLi\Connection.php:295
Stack trace:
#0 C:\Users\ASUS\Documents\KULIAH\SEMESTER 4\pwl adit\fp pwl\system\Database\MySQLi\Connection.php(295): mysqli->query('SELECT *\nFROM `...', 0)
#1 C:\Users\ASUS\Documents\KULIAH\SEMESTER 4\pwl adit\fp pwl\system\Database\BaseConnection.php(692): CodeIgniter\Database\MySQLi\Connection->execute('SELECT *\nFROM `...')
#2 C:\Users\ASUS\Documents\KULIAH\SEMESTER 4\pwl adit\fp pwl\system\Database\BaseConnection.php(606): CodeIgniter\Database\BaseConnection->simpleQuery('SELECT *\nFROM `...')
#3 C:\Users\ASUS\Documents\KULIAH\SEMESTER 4\pwl adit\fp pwl\system\Database\BaseBuilder.php(1616): CodeIgniter\Database\BaseConnection->query('SELECT *\nFROM `...', Array, false)
#4 C:\Users\ASUS\Documents\KULIAH\SEMESTER 4\pwl adit\fp pwl\system\Model.php(268): CodeIgniter\Database\BaseBuilder->get()
#5 C:\Users\ASUS\Documents\KULIAH\SEMESTER 4\pwl adit\fp pwl\system\BaseModel.php(656): CodeIgniter\Model->doFirst()
#6 C:\Users\ASUS\Documents\KULIAH\SEMESTER 4\pwl adit\fp pwl\app\Models\UserModel.php(15): CodeIgniter\BaseModel->first()
#7 C:\Users\ASUS\Documents\KULIAH\SEMESTER 4\pwl adit\fp pwl\app\Controllers\UserController.php(39): App\Models\UserModel->getUserByUsername('admin@gmail.com')
#8 C:\Users\ASUS\Documents\KULIAH\SEMESTER 4\pwl adit\fp pwl\system\CodeIgniter.php(932): App\Controllers\UserController->Login()
#9 C:\Users\ASUS\Documents\KULIAH\SEMESTER 4\pwl adit\fp pwl\system\CodeIgniter.php(497): CodeIgniter\CodeIgniter->runController(Object(App\Controllers\UserController))
#10 C:\Users\ASUS\Documents\KULIAH\SEMESTER 4\pwl adit\fp pwl\system\CodeIgniter.php(366): CodeIgniter\CodeIgniter->handleRequest(NULL, Object(Config\Cache), false)
#11 C:\Users\ASUS\Documents\KULIAH\SEMESTER 4\pwl adit\fp pwl\public\index.php(67): CodeIgniter\CodeIgniter->run()
#12 C:\Users\ASUS\Documents\KULIAH\SEMESTER 4\pwl adit\fp pwl\system\Commands\Server\rewrite.php(47): require_once('C:\\Users\\ASUS\\D...')
#13 {main}
CRITICAL - 2023-07-12 17:19:20 --> Unknown column 'username' in 'where clause'
in SYSTEMPATH\Database\MySQLi\Connection.php on line 295.
 1 SYSTEMPATH\Database\MySQLi\Connection.php(295): mysqli->query('SELECT *
FROM `users`
WHERE `username` = \'admin@gmail.com\'
 LIMIT 1', 0)
 2 SYSTEMPATH\Database\BaseConnection.php(692): CodeIgniter\Database\MySQLi\Connection->execute('SELECT *
FROM `users`
WHERE `username` = \'admin@gmail.com\'
 LIMIT 1')
 3 SYSTEMPATH\Database\BaseConnection.php(606): CodeIgniter\Database\BaseConnection->simpleQuery('SELECT *
FROM `users`
WHERE `username` = \'admin@gmail.com\'
 LIMIT 1')
 4 SYSTEMPATH\Database\BaseBuilder.php(1616): CodeIgniter\Database\BaseConnection->query('SELECT *
FROM `users`
WHERE `username` = :username:
 LIMIT 1', [...], false)
 5 SYSTEMPATH\Model.php(268): CodeIgniter\Database\BaseBuilder->get()
 6 SYSTEMPATH\BaseModel.php(656): CodeIgniter\Model->doFirst()
 7 APPPATH\Models\UserModel.php(15): CodeIgniter\BaseModel->first()
 8 APPPATH\Controllers\UserController.php(39): App\Models\UserModel->getUserByUsername('admin@gmail.com')
 9 SYSTEMPATH\CodeIgniter.php(932): App\Controllers\UserController->Login()
10 SYSTEMPATH\CodeIgniter.php(497): CodeIgniter\CodeIgniter->runController(Object(App\Controllers\UserController))
11 SYSTEMPATH\CodeIgniter.php(366): CodeIgniter\CodeIgniter->handleRequest(null, Object(Config\Cache), false)
12 FCPATH\index.php(67): CodeIgniter\CodeIgniter->run()
13 SYSTEMPATH\Commands\Server\rewrite.php(47): require_once('C:\\Users\\ASUS\\Documents\\KULIAH\\SEMESTER 4\\pwl adit\\fp pwl\\public\\index.php')
INFO - 2023-07-12 17:20:13 --> Session: Class initialized using 'CodeIgniter\Session\Handlers\FileHandler' driver.
INFO - 2023-07-12 17:22:46 --> Session: Class initialized using 'CodeIgniter\Session\Handlers\FileHandler' driver.
INFO - 2023-07-12 17:22:52 --> Session: Class initialized using 'CodeIgniter\Session\Handlers\FileHandler' driver.
INFO - 2023-07-12 17:22:54 --> Session: Class initialized using 'CodeIgniter\Session\Handlers\FileHandler' driver.
INFO - 2023-07-12 17:23:14 --> Session: Class initialized using 'CodeIgniter\Session\Handlers\FileHandler' driver.
INFO - 2023-07-12 17:25:27 --> Session: Class initialized using 'CodeIgniter\Session\Handlers\FileHandler' driver.
INFO - 2023-07-12 17:25:39 --> Session: Class initialized using 'CodeIgniter\Session\Handlers\FileHandler' driver.
INFO - 2023-07-12 17:27:02 --> Session: Class initialized using 'CodeIgniter\Session\Handlers\FileHandler' driver.
INFO - 2023-07-12 17:27:28 --> Session: Class initialized using 'CodeIgniter\Session\Handlers\FileHandler' driver.
